<?xml version="1.0" encoding="UTF-8"?>
<testng-results ignored="0" total="1" passed="1" failed="0" skipped="0">
  <reporter-output>
    <line>
      <![CDATA[Warning: Different product is added in the basket]]>
    </line>
    <line>
      <![CDATA[Same sub-total value is present in Basket and Checkout]]>
    </line>
  </reporter-output>
  <suite started-at="2022-01-24T04:04:01 GMT" name="Default Suite" finished-at="2022-01-24T04:04:53 GMT" duration-ms="52579">
    <groups>
      <group name="cucumber">
        <method signature="AbstractTestNGCucumberTests.runScenario(io.cucumber.testng.PickleWrapper,io.cucumber.testng.FeatureWrapper)[pri:0, instance:Run@51e5fc98]" name="runScenario" class="io.cucumber.testng.AbstractTestNGCucumberTests"/>
      </group> <!-- cucumber -->
    </groups>
    <test started-at="2022-01-24T04:04:01 GMT" name="PLTTechTask" finished-at="2022-01-24T04:04:53 GMT" duration-ms="52579">
      <class name="Run">
        <test-method is-config="true" signature="setUpClass(org.testng.ITestContext)[pri:0, instance:Run@51e5fc98]" started-at="2022-01-24T04:04:01 GMT" name="setUpClass" finished-at="2022-01-24T04:04:02 GMT" duration-ms="990" status="PASS">
          <params>
            <param index="0">
              <value>
                <![CDATA[org.testng.TestRunner@5793b87]]>
              </value>
            </param>
          </params>
          <reporter-output>
          </reporter-output>
        </test-method> <!-- setUpClass -->
        <test-method signature="runScenario(io.cucumber.testng.PickleWrapper,io.cucumber.testng.FeatureWrapper)[pri:0, instance:Run@51e5fc98]" started-at="2022-01-24T04:04:02 GMT" name="runScenario" description="Runs Cucumber Scenarios" data-provider="scenarios" finished-at="2022-01-24T04:04:53 GMT" duration-ms="51511" status="PASS">
          <params>
            <param index="0">
              <value>
                <![CDATA["Verify adding a random product to basket, view the basket and navigate to payments page"]]>
              </value>
            </param>
            <param index="1">
              <value>
                <![CDATA["Optional[Verify adding product to basket]"]]>
              </value>
            </param>
          </params>
          <reporter-output>
            <line>
              <![CDATA[Warning: Different product is added in the basket]]>
            </line>
            <line>
              <![CDATA[Same sub-total value is present in Basket and Checkout]]>
            </line>
          </reporter-output>
        </test-method> <!-- runScenario -->
        <test-method is-config="true" signature="tearDownClass()[pri:0, instance:Run@51e5fc98]" started-at="2022-01-24T04:04:53 GMT" name="tearDownClass" finished-at="2022-01-24T04:04:53 GMT" duration-ms="15" status="PASS">
          <reporter-output>
          </reporter-output>
        </test-method> <!-- tearDownClass -->
      </class> <!-- Run -->
    </test> <!-- PLTTechTask -->
  </suite> <!-- Default Suite -->
</testng-results>
